<?xml version="1.0" encoding="utf-8"?><testsuites name="pytest tests"><testsuite name="pytest" errors="0" failures="0" skipped="0" tests="11" time="137.382" timestamp="2026-01-21T22:41:21.239424+00:00" hostname="agent-env-e478e155-2e35-43fe-b160-5056bb06afe8"><testcase classname="tests.test_soma_api.TestHealthEndpoints" name="test_root_endpoint" time="0.107" /><testcase classname="tests.test_soma_api.TestHealthEndpoints" name="test_gemini_health_check" time="0.741" /><testcase classname="tests.test_soma_api.TestImageGeneration" name="test_generate_image_basic" time="14.813" /><testcase classname="tests.test_soma_api.TestImageGeneration" name="test_generate_image_with_style" time="15.665" /><testcase classname="tests.test_soma_api.TestConsultationAnalysis" name="test_analyze_text_consultation_pt" time="23.218" /><testcase classname="tests.test_soma_api.TestConsultationAnalysis" name="test_analyze_text_consultation_en" time="13.800" /><testcase classname="tests.test_soma_api.TestConsultationAnalysis" name="test_analyze_text_consultation_es" time="21.474" /><testcase classname="tests.test_soma_api.TestPromptGeneration" name="test_generate_prompt" time="10.191" /><testcase classname="tests.test_soma_api.TestTechnicalData" name="test_generate_technical_data" time="37.165" /><testcase classname="tests.test_soma_api.TestStatusEndpoints" name="test_create_status_check" time="0.104" /><testcase classname="tests.test_soma_api.TestStatusEndpoints" name="test_get_status_checks" time="0.035" /></testsuite></testsuites>