<?xml version="1.0" encoding="utf-8"?><testsuites name="pytest tests"><testsuite name="pytest" errors="0" failures="0" skipped="0" tests="11" time="144.380" timestamp="2026-02-18T21:47:22.765645+00:00" hostname="agent-env-c0c5e5a2-ff00-47af-b2dc-2fc86a1aae2e"><testcase classname="tests.test_soma_api.TestHealthEndpoints" name="test_root_endpoint" time="0.147" /><testcase classname="tests.test_soma_api.TestHealthEndpoints" name="test_gemini_health_check" time="0.683" /><testcase classname="tests.test_soma_api.TestImageGeneration" name="test_generate_image_basic" time="15.282" /><testcase classname="tests.test_soma_api.TestImageGeneration" name="test_generate_image_with_style" time="18.083" /><testcase classname="tests.test_soma_api.TestConsultationAnalysis" name="test_analyze_text_consultation_pt" time="15.544" /><testcase classname="tests.test_soma_api.TestConsultationAnalysis" name="test_analyze_text_consultation_en" time="14.560" /><testcase classname="tests.test_soma_api.TestConsultationAnalysis" name="test_analyze_text_consultation_es" time="19.721" /><testcase classname="tests.test_soma_api.TestPromptGeneration" name="test_generate_prompt" time="10.697" /><testcase classname="tests.test_soma_api.TestTechnicalData" name="test_generate_technical_data" time="49.218" /><testcase classname="tests.test_soma_api.TestStatusEndpoints" name="test_create_status_check" time="0.198" /><testcase classname="tests.test_soma_api.TestStatusEndpoints" name="test_get_status_checks" time="0.182" /></testsuite></testsuites>